>>>TEST_IGNORE_LINE:assertions passed\.<<<
>>>TEST_IGNORE_LINE:\d milliseconds.$<<<
>>>TEST_IGNORE_LINE:\d+\spassing\s\([^\)]+\)<<<
environments: default


  Suite
[bash.origin.express] Adding route: /messages.js
[bash.origin.express] Adding route: /dist/insight.domplate.reps/*
[bash.origin.express] Adding route: /dist/domplate.browser.js
[bash.origin.express] Adding route: /dist/insight.rep.js
[bash.origin.express] Adding route: /lib/jsonrep.js
[bash.origin.express] Adding route: /dist/riot.js
[bash.origin.express] Adding route: /fireconsole.rep.css
[bash.origin.express] Adding route: /fireconsole.rep.js
[bash.origin.express] Adding route: /page.js
[bash.origin.express] Adding route: /^\//
Server: http://localhost:8080/
[READY]
127.0.0.1 - "GET / HTTP/1.1" 200 - "-"
127.0.0.1 - "GET /lib/jsonrep.js HTTP/1.1" 200 - "http://localhost:8080/"
127.0.0.1 - "GET /fireconsole.rep.js HTTP/1.1" 200 - "http://localhost:8080/"
127.0.0.1 - "GET /messages.js HTTP/1.1" 200 - "http://localhost:8080/"



