>>>TEST_IGNORE_LINE:assertions passed\.<<<
>>>TEST_IGNORE_LINE:\d milliseconds.$<<<
>>>TEST_IGNORE_LINE:\d+\spassing\s\([^\)]+\)<<<
environments: default
>>>TEST_IGNORE_LINE:[bash.origin.express] Routing request<<<


  Suite
[bash.origin.express] Adding route: /messages.js
[bash.origin.express] Adding route: /dist/insight.domplate.reps/*
[bash.origin.express] Adding route: /dist/regenerator-runtime.js
[bash.origin.express] Adding route: /dist/domplate.browser.js
[bash.origin.express] Adding route: /dist/insight.rep.js
[bash.origin.express] Adding route: /lib/jsonrep.js
[bash.origin.express] Adding route: /dist/riot.js
[bash.origin.express] Adding route: /fireconsole.rep.js
[bash.origin.express] Adding route: /page.js
[bash.origin.express] Adding route: /^\//
Server: http://localhost:8080/
[READY]
[bash.origin.express] Routing request / with method GET due to route { /^\// fast_star: false, fast_slash: false }
127.0.0.1 - "GET / HTTP/1.1" 200 - "-"
[bash.origin.express] Routing request /dist/riot.js with method GET due to route { /^\// fast_star: false, fast_slash: false }
[bash.origin.express] Routing request / with method GET due to route /dist/riot.js
[bash.origin.express] Routing request /dist/regenerator-runtime.js with method GET due to route { /^\// fast_star: false, fast_slash: false }
[bash.origin.express] Routing request / with method GET due to route /dist/regenerator-runtime.js
[bash.origin.express] Routing request /dist/domplate.browser.js with method GET due to route { /^\// fast_star: false, fast_slash: false }
[bash.origin.express] Routing request / with method GET due to route /dist/domplate.browser.js
[bash.origin.express] Routing request /lib/jsonrep.js with method GET due to route { /^\// fast_star: false, fast_slash: false }
[bash.origin.express] Routing request / with method GET due to route /lib/jsonrep.js
127.0.0.1 - "GET /lib/jsonrep.js HTTP/1.1" 200 - "http://localhost:8080/"
[bash.origin.express] Routing request /fireconsole.rep.js with method GET due to route { /^\// fast_star: false, fast_slash: false }
[bash.origin.express] Routing request / with method GET due to route /fireconsole.rep.js
127.0.0.1 - "GET /fireconsole.rep.js HTTP/1.1" 200 - "http://localhost:8080/"
[bash.origin.express] Routing request / with method GET due to route /messages.js
[bash.origin.express] Routing request /dist/insight.domplate.reps/default/string.rep.js with method GET due to route { /^\// fast_star: false, fast_slash: false }
[bash.origin.express] Routing request /default/string.rep.js with method GET due to route /dist/insight.domplate.reps/*
[bash.origin.express] Routing request /dist/insight.domplate.reps/wrappers/console.rep.js with method GET due to route { /^\// fast_star: false, fast_slash: false }
[bash.origin.express] Routing request /wrappers/console.rep.js with method GET due to route /dist/insight.domplate.reps/*
127.0.0.1 - "GET /messages.js HTTP/1.1" 200 - "http://localhost:8080/"
[bash.origin.express] Routing request /dist/insight.domplate.reps/default/array.rep.js with method GET due to route { /^\// fast_star: false, fast_slash: false }
[bash.origin.express] Routing request /default/array.rep.js with method GET due to route /dist/insight.domplate.reps/*
[bash.origin.express] Routing request /dist/insight.domplate.reps/default/map.rep.js with method GET due to route { /^\// fast_star: false, fast_slash: false }
[bash.origin.express] Routing request /default/map.rep.js with method GET due to route /dist/insight.domplate.reps/*
[bash.origin.express] Routing request /dist/insight.domplate.reps/wrappers/images/plus-small-white.png with method GET due to route { /^\// fast_star: false, fast_slash: false }
[bash.origin.express] Routing request /wrappers/images/plus-small-white.png with method GET due to route /dist/insight.domplate.reps/*
[bash.origin.express] Routing request /dist/insight.domplate.reps/wrappers/images/node-magnifier.png with method GET due to route { /^\// fast_star: false, fast_slash: false }
[bash.origin.express] Routing request /wrappers/images/node-magnifier.png with method GET due to route /dist/insight.domplate.reps/*
[bash.origin.express] Routing request /dist/insight.domplate.reps/wrappers/images/document-binary.png with method GET due to route { /^\// fast_star: false, fast_slash: false }
[bash.origin.express] Routing request /wrappers/images/document-binary.png with method GET due to route /dist/insight.domplate.reps/*



