>>>TEST_IGNORE_LINE:assertions passed\.<<<
>>>TEST_IGNORE_LINE:\d milliseconds.$<<<
>>>TEST_IGNORE_LINE:\d+\spassing\s\([^\)]+\)<<<
environments: default
>>>TEST_IGNORE_LINE:[bash.origin.express] Routing request<<<


  Suite
[bash.origin.express] Adding route: /messages.js
[bash.origin.express] Adding route: /dist/insight.domplate.reps/*
[bash.origin.express] Adding route: /dist/regenerator-runtime.js
[bash.origin.express] Adding route: /dist/domplate.browser.js
[bash.origin.express] Adding route: /dist/insight.rep.js
[bash.origin.express] Adding route: /lib/jsonrep.js
[bash.origin.express] Adding route: /dist/riot.js
[bash.origin.express] Adding route: /fireconsole.rep.js
[bash.origin.express] Adding route: /page.js
[bash.origin.express] Adding route: /^\//
Server: http://localhost:8080/
[READY]
[bash.origin.express] Routing request / with method GET due to route { /^\// fast_star: false, fast_slash: false }
127.0.0.1 - "GET / HTTP/1.1" 200 - "-"
[bash.origin.express] Routing request /dist/riot.js with method GET due to route { /^\// fast_star: false, fast_slash: false }
[bash.origin.express] Routing request / with method GET due to route /dist/riot.js
[bash.origin.express] Routing request /dist/regenerator-runtime.js with method GET due to route { /^\// fast_star: false, fast_slash: false }
[bash.origin.express] Routing request / with method GET due to route /dist/regenerator-runtime.js
[bash.origin.express] Routing request /dist/domplate.browser.js with method GET due to route { /^\// fast_star: false, fast_slash: false }
[bash.origin.express] Routing request / with method GET due to route /dist/domplate.browser.js
[bash.origin.express] Routing request /lib/jsonrep.js with method GET due to route { /^\// fast_star: false, fast_slash: false }
[bash.origin.express] Routing request / with method GET due to route /lib/jsonrep.js
127.0.0.1 - "GET /lib/jsonrep.js HTTP/1.1" 200 - "http://localhost:8080/"
[bash.origin.express] Routing request /fireconsole.rep.js with method GET due to route { /^\// fast_star: false, fast_slash: false }
[bash.origin.express] Routing request / with method GET due to route /fireconsole.rep.js
127.0.0.1 - "GET /fireconsole.rep.js HTTP/1.1" 200 - "http://localhost:8080/"
[bash.origin.express] Routing request / with method GET due to route /messages.js
[bash.origin.express] Routing request /dist/insight.domplate.reps/default/string.rep.js with method GET due to route { /^\// fast_star: false, fast_slash: false }
[bash.origin.express] Routing request /default/string.rep.js with method GET due to route /dist/insight.domplate.reps/*
[bash.origin.express] Routing request /dist/insight.domplate.reps/wrappers/console.rep.js with method GET due to route { /^\// fast_star: false, fast_slash: false }
[bash.origin.express] Routing request /wrappers/console.rep.js with method GET due to route /dist/insight.domplate.reps/*
127.0.0.1 - "GET /messages.js HTTP/1.1" 200 - "http://localhost:8080/"
[bash.origin.express] Routing request /dist/insight.domplate.reps/default/reference.rep.js with method GET due to route { /^\// fast_star: false, fast_slash: false }
[bash.origin.express] Routing request /default/reference.rep.js with method GET due to route /dist/insight.domplate.reps/*
[bash.origin.express] Routing request /dist/insight.domplate.reps/default/dictionary.rep.js with method GET due to route { /^\// fast_star: false, fast_slash: false }
[bash.origin.express] Routing request /default/dictionary.rep.js with method GET due to route /dist/insight.domplate.reps/*
[bash.origin.express] Routing request /dist/insight.domplate.reps/default/constant.rep.js with method GET due to route { /^\// fast_star: false, fast_slash: false }
[bash.origin.express] Routing request /default/constant.rep.js with method GET due to route /dist/insight.domplate.reps/*
[bash.origin.express] Routing request /dist/insight.domplate.reps/default/array.rep.js with method GET due to route { /^\// fast_star: false, fast_slash: false }
[bash.origin.express] Routing request /default/array.rep.js with method GET due to route /dist/insight.domplate.reps/*
[bash.origin.express] Routing request /dist/insight.domplate.reps/default/map.rep.js with method GET due to route { /^\// fast_star: false, fast_slash: false }
[bash.origin.express] Routing request /default/map.rep.js with method GET due to route /dist/insight.domplate.reps/*
[bash.origin.express] Routing request /dist/insight.domplate.reps/wrappers/images/plus-small-white.png with method GET due to route { /^\// fast_star: false, fast_slash: false }
[bash.origin.express] Routing request /wrappers/images/plus-small-white.png with method GET due to route /dist/insight.domplate.reps/*
[bash.origin.express] Routing request /dist/insight.domplate.reps/wrappers/images/node-magnifier.png with method GET due to route { /^\// fast_star: false, fast_slash: false }
[bash.origin.express] Routing request /wrappers/images/node-magnifier.png with method GET due to route /dist/insight.domplate.reps/*
[bash.origin.express] Routing request /dist/insight.domplate.reps/wrappers/images/document-binary.png with method GET due to route { /^\// fast_star: false, fast_slash: false }
[bash.origin.express] Routing request /wrappers/images/document-binary.png with method GET due to route /dist/insight.domplate.reps/*
[bash.origin.express] Routing request /dist/insight.domplate.reps/wrappers/images/exclamation-red.png with method GET due to route { /^\// fast_star: false, fast_slash: false }
[bash.origin.express] Routing request /wrappers/images/exclamation-red.png with method GET due to route /dist/insight.domplate.reps/*
[bash.origin.express] Routing request /dist/insight.domplate.reps/wrappers/images/minus-small-white.png with method GET due to route { /^\// fast_star: false, fast_slash: false }
[bash.origin.express] Routing request /wrappers/images/minus-small-white.png with method GET due to route /dist/insight.domplate.reps/*
[bash.origin.express] Routing request /dist/insight.domplate.reps/default/images/twisty-closed.png with method GET due to route { /^\// fast_star: false, fast_slash: false }
[bash.origin.express] Routing request /default/images/twisty-closed.png with method GET due to route /dist/insight.domplate.reps/*
[0;32m✖[0m Expected element <BODY[renderer="jsonrep"]> text to contain: "Hello World!
array(Hello World)
map(Hello=>World)
Hello World
TestArrayarray('key1'=>'val1','key2'=>array(array('v1','v2'),'v3'))
Hello World
Log message
Info message
Warn message
Error message
LabelMessage with label
TestArrayarray('key1'=>'val1','key2'=>array(array('v1','v2'),'v3'))
2 SQL queries took 0.06 seconds
Backtrace to here
Group 1 (2)
Hello World
Group 1 (1)
Hello World" - expected [0;32m"contain 'Hello World!
array(Hello World)
map(Hello=>World)
Hello World
TestArrayarray('key1'=>'val1','key2'=>array(array('v1','v2'),'v3'))
Hello World
Log message
Info message
Warn message
Error message
LabelMessage with label
TestArrayarray('key1'=>'val1','key2'=>array(array('v1','v2'),'v3'))
2 SQL queries took 0.06 seconds
Backtrace to here
Group 1 (2)
Hello World
Group 1 (1)
Hello World'"[0m but got: [0;31m"Hello World!
/app/_header.php @ 17
dictionary(
__isException:true,
file:/app/_header.php,
line:17,
trace:array(... 3 ...)
)"[0m
[0;90m    at Context.<anonymous> (TeStLoCaLiZeD/main.js:131:23)[0m 

    1) Test


  1 failing

  1) Suite
       Test:
     Error while running "element" command: Expected element <BODY[renderer="jsonrep"]> text to contain: "Hello World!
array(Hello World)
map(Hello=>World)
Hello World
TestArrayarray('key1'=>'val1','key2'=>array(array('v1','v2'),'v3'))
Hello World
Log message
Info message
Warn message
Error message
LabelMessage with label
TestArrayarray('key1'=>'val1','key2'=>array(array('v1','v2'),'v3'))
2 SQL queries took 0.06 seconds
Backtrace to here
Group 1 (2)
Hello World
Group 1 (1)
Hello World" - expected [0;32m"contain 'Hello World!
array(Hello World)
map(Hello=>World)
Hello World
TestArrayarray('key1'=>'val1','key2'=>array(array('v1','v2'),'v3'))
Hello World
Log message
Info message
Warn message
Error message
LabelMessage with label
TestArrayarray('key1'=>'val1','key2'=>array(array('v1','v2'),'v3'))
2 SQL queries took 0.06 seconds
Backtrace to here
Group 1 (2)
Hello World
Group 1 (1)
Hello World'"[0m but got: [0;31m"Hello World!
/app/_header.php @ 17
dictionary(
__isException:true,
file:/app/_header.php,
line:17,
trace:array(... 3 ...)
)"[0m
      at Context.<anonymous> (main.js:131:23)



 [1;31m[0;31m  Mocha reported test failures.[0m
[0;90m       at process._tickCallback (internal/process/next_tick.js:68:7)[0m[0m
